<?xml version="1.0" encoding="UTF-8"?>
<!-- Generated by org.testng.reporters.JUnitReportReporter -->
<testsuite hostname="Ahmads-MacBook-Pro.local" failures="0" tests="1" name="tests.SearchProductUsingAutoSuggestTest" time="0.010" errors="0" timestamp="26 Jul 2020 11:15:17 GMT" skipped="0">
  <testcase classname="tests.SearchProductUsingAutoSuggestTest" name="UserCanSearchWithAutoSuggest" time="0.010"/>
</testsuite> <!-- tests.SearchProductUsingAutoSuggestTest -->
