<?xml version="1.0" encoding="UTF-8"?>
<!-- Generated by org.testng.reporters.JUnitReportReporter -->
<testsuite hostname="Ahmads-MacBook-Pro.local" failures="0" tests="1" name="runner.TestRunner" time="19.102" errors="0" timestamp="27 Jul 2020 18:12:32 GMT" skipped="0">
  <testcase classname="runner.TestRunner" name="feature" time="19.102"/>
</testsuite> <!-- runner.TestRunner -->
